<?xml version="1.0" encoding="UTF-8"?>
<testng-results total="3" passed="3" failed="0" skipped="0">
  <reporter-output>
  </reporter-output>
  <suite started-at="2024-11-11T10:28:38Z" name="Test Suite for Buildout" finished-at="2024-11-11T10:29:43Z" duration-ms="64958">
    <groups>
    </groups>
    <test started-at="2024-11-11T10:28:38Z" name="Test Cases for Buildout" finished-at="2024-11-11T10:29:43Z" duration-ms="64958">
      <class name="demo.TestCases">
        <test-method is-config="true" signature="startBrowser()[pri:0, instance:demo.TestCases@aafcffa]" started-at="2024-11-11T15:58:38Z" name="startBrowser" finished-at="2024-11-11T15:58:46Z" duration-ms="8080" status="PASS">
          <reporter-output>
          </reporter-output>
        </test-method> <!-- startBrowser -->
        <test-method signature="testCase01()[pri:0, instance:demo.TestCases@aafcffa]" started-at="2024-11-11T15:58:46Z" name="testCase01" finished-at="2024-11-11T15:59:02Z" duration-ms="15548" status="PASS">
          <reporter-output>
          </reporter-output>
        </test-method> <!-- testCase01 -->
        <test-method signature="testCase02()[pri:0, instance:demo.TestCases@aafcffa]" started-at="2024-11-11T15:59:02Z" name="testCase02" finished-at="2024-11-11T15:59:18Z" duration-ms="15902" status="PASS">
          <reporter-output>
          </reporter-output>
        </test-method> <!-- testCase02 -->
        <test-method signature="testCase03()[pri:0, instance:demo.TestCases@aafcffa]" started-at="2024-11-11T15:59:18Z" name="testCase03" finished-at="2024-11-11T15:59:42Z" duration-ms="24589" status="PASS">
          <reporter-output>
          </reporter-output>
        </test-method> <!-- testCase03 -->
        <test-method is-config="true" signature="endTest()[pri:0, instance:demo.TestCases@aafcffa]" started-at="2024-11-11T15:59:42Z" name="endTest" finished-at="2024-11-11T15:59:43Z" duration-ms="833" status="PASS">
          <reporter-output>
          </reporter-output>
        </test-method> <!-- endTest -->
      </class> <!-- demo.TestCases -->
    </test> <!-- Test Cases for Buildout -->
  </suite> <!-- Test Suite for Buildout -->
</testng-results>
